Arguments: 
  /usr/local/bin/node /opt/yarn/bin/yarn.js install

PATH: 
  /usr/local/sbin:/usr/local/bin:/usr/sbin:/usr/bin:/sbin:/bin

Yarn version: 
  0.24.4

Node version: 
  6.10.3

Platform: 
  linux x64

npm manifest: 
  {
    "name": "external-acceptance-test-pipeline",
    "version": "0.0.1",
    "description": "",
    "main": "src/index.js",
    "scripts": {
      "lint": "eslint .",
      "lint-fix": "eslint . --fix",
      "test": "jasmine --config=spec/support/jasmine.json",
      "test:it": "TMPDIR=/tmp jasmine --config=spec/support/jasmine.integration.json",
      "test:wip": "TMPDIR=/tmp jasmine --config=spec/support/jasmine.wip.json",
      "test:accept": "TMPDIR=/tmp cucumber-js spec",
      "test:watch": "nodemon -L -i spec/integrate ./node_modules/.bin/jasmine",
      "test:cover": "jasmine --coverage",
      "package": "serverless package",
      "deploy:dev": "serverless deploy --stage dev"
    },
    "repository": {
      "type": "git",
      "url": "git+ssh://git@TODO"
    },
    "author": "Tim Myerscough <tim.myerscough@mechanicalrock.io>",
    "contributors": [],
    "license": "MIT",
    "bugs": {
      "url": "TODO"
    },
    "homepage": "TODO",
    "dependencies": {
      "aws-sdk": "^2.7.13",
      "babel-plugin-transform-runtime": "^6.23.0",
      "babel-polyfill": "^6.23.0",
      "babel-preset-es2015": "^6.24.1",
      "babel-preset-stage-0": "^6.24.1",
      "base-64": "^0.1.0",
      "bluebird": "^3.5.0",
      "jasmine-promises": "^0.4.1",
      "node-rest-client-promise": "^2.0.0",
      "uuid": "^3.1.0"
    },
    "devDependencies": {
      "aws-sdk": "^2.94.0",
      "aws-sdk-mock": "^1.7.0",
      "babel-core": "^6.25.0",
      "babel-loader": "^7.1.1",
      "babel-preset-env": "^1.6.0",
      "chai": "^3.5.0",
      "chai-fs": "^1.0.0",
      "cucumber": "^2.3.1",
      "fs-extra": "^0.26.7",
      "jasmine": "^2.6.0",
      "jasmine-spec-reporter": "^4.1.1",
      "nodemon": "^1.11.0",
      "request": "https://registry.npmjs.org/request/-/request-2.79.0.tgz",
      "request-promise": "^4.1.1",
      "serverless": "^1.18.1",
      "serverless-webpack": "^2.0.0",
      "sinon": "^2.3.8",
      "source-map-support": "^0.4.0",
      "webpack": "^3.4.0"
    }
  }

yarn manifest: 
  No manifest

Lockfile: 
  No lockfile

Trace: 
  Error: getaddrinfo ENOTFOUND registry.yarnpkg.com registry.yarnpkg.com:443
      at errnoException (dns.js:28:10)
      at GetAddrInfoReqWrap.onlookup [as oncomplete] (dns.js:76:26)
